[2017-10-22 23:10:16,937] olympus.Node<Node:3b402#OlympusNode>:OUTPUT: 5 replica(s) started by Olympus.


[2017-10-22 23:10:16,937] olympus.Node<Node:3b402#OlympusNode>:OUTPUT: Received GetConfig request from a client.
[2017-10-22 23:10:16,938] olympus.Node<Node:3b402#OlympusNode>:OUTPUT: Sent GetConfig_Response to client.
[2017-10-22 23:10:16,938] olympus.Node<Node:3b402#OlympusNode>:OUTPUT: Replica sequence sent =  [<Node:5fc06#ReplicaNode>, <Node:5fc03#ReplicaNode>, <Node:5fc05#ReplicaNode>, <Node:5fc02#ReplicaNode>, <Node:5fc04#ReplicaNode>]
[2017-10-22 23:10:16,938] olympus.Node<Node:3b402#OlympusNode>:OUTPUT: Public Keys sent =  [<nacl.signing.VerifyKey object at 0x7fc13fbfe438>, <nacl.signing.VerifyKey object at 0x7fc13fbfe198>, <nacl.signing.VerifyKey object at 0x7fc13fbfe4e0>, <nacl.signing.VerifyKey object at 0x7fc13fbfe588>, <nacl.signing.VerifyKey object at 0x7fc13fbfe630>] 


[2017-10-22 23:10:16,938] olympus.Node<Node:3b402#OlympusNode>:OUTPUT: Received GetConfig request from a client.
[2017-10-22 23:10:16,939] olympus.Node<Node:3b402#OlympusNode>:OUTPUT: Sent GetConfig_Response to client.
[2017-10-22 23:10:16,939] olympus.Node<Node:3b402#OlympusNode>:OUTPUT: Replica sequence sent =  [<Node:5fc06#ReplicaNode>, <Node:5fc03#ReplicaNode>, <Node:5fc05#ReplicaNode>, <Node:5fc02#ReplicaNode>, <Node:5fc04#ReplicaNode>]
[2017-10-22 23:10:16,939] olympus.Node<Node:3b402#OlympusNode>:OUTPUT: Public Keys sent =  [<nacl.signing.VerifyKey object at 0x7fc13fbfe438>, <nacl.signing.VerifyKey object at 0x7fc13fbfe198>, <nacl.signing.VerifyKey object at 0x7fc13fbfe4e0>, <nacl.signing.VerifyKey object at 0x7fc13fbfe588>, <nacl.signing.VerifyKey object at 0x7fc13fbfe630>] 


[2017-10-22 23:10:16,939] olympus.Node<Node:3b402#OlympusNode>:OUTPUT: Received GetConfig request from a client.
[2017-10-22 23:10:16,939] olympus.Node<Node:3b402#OlympusNode>:OUTPUT: Sent GetConfig_Response to client.
[2017-10-22 23:10:16,939] olympus.Node<Node:3b402#OlympusNode>:OUTPUT: Replica sequence sent =  [<Node:5fc06#ReplicaNode>, <Node:5fc03#ReplicaNode>, <Node:5fc05#ReplicaNode>, <Node:5fc02#ReplicaNode>, <Node:5fc04#ReplicaNode>]
[2017-10-22 23:10:16,939] olympus.Node<Node:3b402#OlympusNode>:OUTPUT: Public Keys sent =  [<nacl.signing.VerifyKey object at 0x7fc13fbfe438>, <nacl.signing.VerifyKey object at 0x7fc13fbfe198>, <nacl.signing.VerifyKey object at 0x7fc13fbfe4e0>, <nacl.signing.VerifyKey object at 0x7fc13fbfe588>, <nacl.signing.VerifyKey object at 0x7fc13fbfe630>] 


[2017-10-22 23:10:16,939] olympus.Node<Node:3b402#OlympusNode>:OUTPUT: Received GetConfig request from a client.
[2017-10-22 23:10:16,940] olympus.Node<Node:3b402#OlympusNode>:OUTPUT: Sent GetConfig_Response to client.
[2017-10-22 23:10:16,940] olympus.Node<Node:3b402#OlympusNode>:OUTPUT: Replica sequence sent =  [<Node:5fc06#ReplicaNode>, <Node:5fc03#ReplicaNode>, <Node:5fc05#ReplicaNode>, <Node:5fc02#ReplicaNode>, <Node:5fc04#ReplicaNode>]
[2017-10-22 23:10:16,940] olympus.Node<Node:3b402#OlympusNode>:OUTPUT: Public Keys sent =  [<nacl.signing.VerifyKey object at 0x7fc13fbfe438>, <nacl.signing.VerifyKey object at 0x7fc13fbfe198>, <nacl.signing.VerifyKey object at 0x7fc13fbfe4e0>, <nacl.signing.VerifyKey object at 0x7fc13fbfe588>, <nacl.signing.VerifyKey object at 0x7fc13fbfe630>] 


[2017-10-22 23:10:16,940] olympus.Node<Node:3b402#OlympusNode>:OUTPUT: Received GetConfig request from a client.
[2017-10-22 23:10:16,940] olympus.Node<Node:3b402#OlympusNode>:OUTPUT: Sent GetConfig_Response to client.
[2017-10-22 23:10:16,940] olympus.Node<Node:3b402#OlympusNode>:OUTPUT: Replica sequence sent =  [<Node:5fc06#ReplicaNode>, <Node:5fc03#ReplicaNode>, <Node:5fc05#ReplicaNode>, <Node:5fc02#ReplicaNode>, <Node:5fc04#ReplicaNode>]
[2017-10-22 23:10:16,940] olympus.Node<Node:3b402#OlympusNode>:OUTPUT: Public Keys sent =  [<nacl.signing.VerifyKey object at 0x7fc13fbfe438>, <nacl.signing.VerifyKey object at 0x7fc13fbfe198>, <nacl.signing.VerifyKey object at 0x7fc13fbfe4e0>, <nacl.signing.VerifyKey object at 0x7fc13fbfe588>, <nacl.signing.VerifyKey object at 0x7fc13fbfe630>] 


[2017-10-22 23:10:16,940] olympus.Node<Node:3b402#OlympusNode>:OUTPUT: Received GetConfig request from a client.
[2017-10-22 23:10:16,940] olympus.Node<Node:3b402#OlympusNode>:OUTPUT: Sent GetConfig_Response to client.
[2017-10-22 23:10:16,941] olympus.Node<Node:3b402#OlympusNode>:OUTPUT: Replica sequence sent =  [<Node:5fc06#ReplicaNode>, <Node:5fc03#ReplicaNode>, <Node:5fc05#ReplicaNode>, <Node:5fc02#ReplicaNode>, <Node:5fc04#ReplicaNode>]
[2017-10-22 23:10:16,941] olympus.Node<Node:3b402#OlympusNode>:OUTPUT: Public Keys sent =  [<nacl.signing.VerifyKey object at 0x7fc13fbfe438>, <nacl.signing.VerifyKey object at 0x7fc13fbfe198>, <nacl.signing.VerifyKey object at 0x7fc13fbfe4e0>, <nacl.signing.VerifyKey object at 0x7fc13fbfe588>, <nacl.signing.VerifyKey object at 0x7fc13fbfe630>] 


[2017-10-22 23:10:16,941] olympus.Node<Node:3b402#OlympusNode>:OUTPUT: Received GetConfig request from a client.
[2017-10-22 23:10:16,941] olympus.Node<Node:3b402#OlympusNode>:OUTPUT: Sent GetConfig_Response to client.
[2017-10-22 23:10:16,941] olympus.Node<Node:3b402#OlympusNode>:OUTPUT: Replica sequence sent =  [<Node:5fc06#ReplicaNode>, <Node:5fc03#ReplicaNode>, <Node:5fc05#ReplicaNode>, <Node:5fc02#ReplicaNode>, <Node:5fc04#ReplicaNode>]
[2017-10-22 23:10:16,941] olympus.Node<Node:3b402#OlympusNode>:OUTPUT: Public Keys sent =  [<nacl.signing.VerifyKey object at 0x7fc13fbfe438>, <nacl.signing.VerifyKey object at 0x7fc13fbfe198>, <nacl.signing.VerifyKey object at 0x7fc13fbfe4e0>, <nacl.signing.VerifyKey object at 0x7fc13fbfe588>, <nacl.signing.VerifyKey object at 0x7fc13fbfe630>] 


[2017-10-22 23:10:16,941] olympus.Node<Node:3b402#OlympusNode>:OUTPUT: Received GetConfig request from a client.
[2017-10-22 23:10:16,941] olympus.Node<Node:3b402#OlympusNode>:OUTPUT: Sent GetConfig_Response to client.
[2017-10-22 23:10:16,941] olympus.Node<Node:3b402#OlympusNode>:OUTPUT: Replica sequence sent =  [<Node:5fc06#ReplicaNode>, <Node:5fc03#ReplicaNode>, <Node:5fc05#ReplicaNode>, <Node:5fc02#ReplicaNode>, <Node:5fc04#ReplicaNode>]
[2017-10-22 23:10:16,941] olympus.Node<Node:3b402#OlympusNode>:OUTPUT: Public Keys sent =  [<nacl.signing.VerifyKey object at 0x7fc13fbfe438>, <nacl.signing.VerifyKey object at 0x7fc13fbfe198>, <nacl.signing.VerifyKey object at 0x7fc13fbfe4e0>, <nacl.signing.VerifyKey object at 0x7fc13fbfe588>, <nacl.signing.VerifyKey object at 0x7fc13fbfe630>] 


[2017-10-22 23:10:16,942] olympus.Node<Node:3b402#OlympusNode>:OUTPUT: Received GetConfig request from a client.
[2017-10-22 23:10:16,942] olympus.Node<Node:3b402#OlympusNode>:OUTPUT: Sent GetConfig_Response to client.
[2017-10-22 23:10:16,942] olympus.Node<Node:3b402#OlympusNode>:OUTPUT: Replica sequence sent =  [<Node:5fc06#ReplicaNode>, <Node:5fc03#ReplicaNode>, <Node:5fc05#ReplicaNode>, <Node:5fc02#ReplicaNode>, <Node:5fc04#ReplicaNode>]
[2017-10-22 23:10:16,942] olympus.Node<Node:3b402#OlympusNode>:OUTPUT: Public Keys sent =  [<nacl.signing.VerifyKey object at 0x7fc13fbfe438>, <nacl.signing.VerifyKey object at 0x7fc13fbfe198>, <nacl.signing.VerifyKey object at 0x7fc13fbfe4e0>, <nacl.signing.VerifyKey object at 0x7fc13fbfe588>, <nacl.signing.VerifyKey object at 0x7fc13fbfe630>] 


[2017-10-22 23:10:16,942] olympus.Node<Node:3b402#OlympusNode>:OUTPUT: Received GetConfig request from a client.
[2017-10-22 23:10:16,942] olympus.Node<Node:3b402#OlympusNode>:OUTPUT: Sent GetConfig_Response to client.
[2017-10-22 23:10:16,942] olympus.Node<Node:3b402#OlympusNode>:OUTPUT: Replica sequence sent =  [<Node:5fc06#ReplicaNode>, <Node:5fc03#ReplicaNode>, <Node:5fc05#ReplicaNode>, <Node:5fc02#ReplicaNode>, <Node:5fc04#ReplicaNode>]
[2017-10-22 23:10:16,942] olympus.Node<Node:3b402#OlympusNode>:OUTPUT: Public Keys sent =  [<nacl.signing.VerifyKey object at 0x7fc13fbfe438>, <nacl.signing.VerifyKey object at 0x7fc13fbfe198>, <nacl.signing.VerifyKey object at 0x7fc13fbfe4e0>, <nacl.signing.VerifyKey object at 0x7fc13fbfe588>, <nacl.signing.VerifyKey object at 0x7fc13fbfe630>] 


[2017-10-22 23:12:25,075] bcr.Node_<Node_:OlympusNode>:ERROR: Unrecoverable error in node process: KeyError('failures',)
Traceback (most recent call last):
  File "/home/amit/Async/pyDistAlgo-1.0.9/da/sim.py", line 977, in _delayed_start
    return self.run()
  File "/home/amit/Desktop/async-cse535/bcr.py", line 58, in run
    failures = config['failures']
KeyError: 'failures'
[2017-10-22 23:13:03,025] olympus.Node<Node:89c02#OlympusNode>:OUTPUT: 5 replica(s) started by Olympus.


[2017-10-22 23:13:03,025] olympus.Node<Node:89c02#OlympusNode>:OUTPUT: Received GetConfig request from a client.
[2017-10-22 23:13:03,025] olympus.Node<Node:89c02#OlympusNode>:OUTPUT: Sent GetConfig_Response to client.
[2017-10-22 23:13:03,026] olympus.Node<Node:89c02#OlympusNode>:OUTPUT: Replica sequence sent =  [<Node:44005#ReplicaNode>, <Node:44006#ReplicaNode>, <Node:44004#ReplicaNode>, <Node:44002#ReplicaNode>, <Node:44003#ReplicaNode>]
[2017-10-22 23:13:03,026] olympus.Node<Node:89c02#OlympusNode>:OUTPUT: Public Keys sent =  [<nacl.signing.VerifyKey object at 0x7fea4c3e6400>, <nacl.signing.VerifyKey object at 0x7fea4c3e65c0>, <nacl.signing.VerifyKey object at 0x7fea4c3e6668>, <nacl.signing.VerifyKey object at 0x7fea4c3e6710>, <nacl.signing.VerifyKey object at 0x7fea4c3e67b8>] 


[2017-10-22 23:13:03,026] olympus.Node<Node:89c02#OlympusNode>:OUTPUT: Received GetConfig request from a client.
[2017-10-22 23:13:03,026] olympus.Node<Node:89c02#OlympusNode>:OUTPUT: Sent GetConfig_Response to client.
[2017-10-22 23:13:03,026] olympus.Node<Node:89c02#OlympusNode>:OUTPUT: Replica sequence sent =  [<Node:44005#ReplicaNode>, <Node:44006#ReplicaNode>, <Node:44004#ReplicaNode>, <Node:44002#ReplicaNode>, <Node:44003#ReplicaNode>]
[2017-10-22 23:13:03,026] olympus.Node<Node:89c02#OlympusNode>:OUTPUT: Public Keys sent =  [<nacl.signing.VerifyKey object at 0x7fea4c3e6400>, <nacl.signing.VerifyKey object at 0x7fea4c3e65c0>, <nacl.signing.VerifyKey object at 0x7fea4c3e6668>, <nacl.signing.VerifyKey object at 0x7fea4c3e6710>, <nacl.signing.VerifyKey object at 0x7fea4c3e67b8>] 


[2017-10-22 23:13:03,026] olympus.Node<Node:89c02#OlympusNode>:OUTPUT: Received GetConfig request from a client.
[2017-10-22 23:13:03,027] olympus.Node<Node:89c02#OlympusNode>:OUTPUT: Sent GetConfig_Response to client.
[2017-10-22 23:13:03,027] olympus.Node<Node:89c02#OlympusNode>:OUTPUT: Replica sequence sent =  [<Node:44005#ReplicaNode>, <Node:44006#ReplicaNode>, <Node:44004#ReplicaNode>, <Node:44002#ReplicaNode>, <Node:44003#ReplicaNode>]
[2017-10-22 23:13:03,027] olympus.Node<Node:89c02#OlympusNode>:OUTPUT: Public Keys sent =  [<nacl.signing.VerifyKey object at 0x7fea4c3e6400>, <nacl.signing.VerifyKey object at 0x7fea4c3e65c0>, <nacl.signing.VerifyKey object at 0x7fea4c3e6668>, <nacl.signing.VerifyKey object at 0x7fea4c3e6710>, <nacl.signing.VerifyKey object at 0x7fea4c3e67b8>] 


